2023-01-09 14:07:14.777 {400ceebcf28e38171a6bc65b6afd741b} 500 "GET http 10.86.8.58:8090 /comments?page=0&blogId=21&pageNum=1&pageSize=5 HTTP/1.1" 0.006, 10.86.8.58, "http://localhost:8080/", "Mozilla/5.0 (Windows NT 10.0; Win64; x64) AppleWebKit/537.36 (KHTML, like Gecko) Chrome/108.0.0.0 Safari/537.36", 50, "Internal Error", ""
Stack:
1. exception recovered
   1).  go_blog/internal/logic/comment.(*sComment).CommentList
        D:/goland_code/go_blog/internal/logic/comment/comment.go:80
   2).  go_blog/internal/controller.(*cComment).CommentList
        D:/goland_code/go_blog/internal/controller/comment.go:26
   3).  github.com/gogf/gf/v2/net/ghttp.(*middleware).callHandlerFunc.func1
        C:/Users/hongji/go/pkg/mod/github.com/gogf/gf/v2@v2.2.5/net/ghttp/ghttp_request_middleware.go:152
   4).  github.com/gogf/gf/v2/net/ghttp.niceCallFunc
        C:/Users/hongji/go/pkg/mod/github.com/gogf/gf/v2@v2.2.5/net/ghttp/ghttp_func.go:55
   5).  github.com/gogf/gf/v2/net/ghttp.(*middleware).callHandlerFunc
        C:/Users/hongji/go/pkg/mod/github.com/gogf/gf/v2@v2.2.5/net/ghttp/ghttp_request_middleware.go:129
   6).  github.com/gogf/gf/v2/net/ghttp.(*middleware).Next.func1.4
        C:/Users/hongji/go/pkg/mod/github.com/gogf/gf/v2@v2.2.5/net/ghttp/ghttp_request_middleware.go:90
   7).  github.com/gogf/gf/v2/net/ghttp.(*middleware).Next.func1
        C:/Users/hongji/go/pkg/mod/github.com/gogf/gf/v2@v2.2.5/net/ghttp/ghttp_request_middleware.go:89
   8).  github.com/gogf/gf/v2/util/gutil.TryCatch
        C:/Users/hongji/go/pkg/mod/github.com/gogf/gf/v2@v2.2.5/util/gutil/gutil.go:56
   9).  github.com/gogf/gf/v2/net/ghttp.(*middleware).Next
        C:/Users/hongji/go/pkg/mod/github.com/gogf/gf/v2@v2.2.5/net/ghttp/ghttp_request_middleware.go:49
   10). go_blog/internal/logic/middleware.(*sMiddleware).ResponseHandler
        D:/goland_code/go_blog/internal/logic/middleware/middleware.go:59
   11). github.com/gogf/gf/v2/net/ghttp.(*middleware).Next.func1.5
        C:/Users/hongji/go/pkg/mod/github.com/gogf/gf/v2@v2.2.5/net/ghttp/ghttp_request_middleware.go:96
   12). github.com/gogf/gf/v2/net/ghttp.(*middleware).Next.func1
        C:/Users/hongji/go/pkg/mod/github.com/gogf/gf/v2@v2.2.5/net/ghttp/ghttp_request_middleware.go:95
   13). go_blog/internal/logic/middleware.(*sMiddleware).I18NMiddleware
        D:/goland_code/go_blog/internal/logic/middleware/middleware.go:54
   14). go_blog/internal/logic/middleware.(*sMiddleware).Ctx
        D:/goland_code/go_blog/internal/logic/middleware/middleware.go:104
   15). go_blog/internal/logic/middleware.(*sMiddleware).MiddlewareCORS
        D:/goland_code/go_blog/internal/logic/middleware/middleware.go:94
   16). github.com/gogf/gf/v2/net/ghttp.internalMiddlewareServerTracing
        C:/Users/hongji/go/pkg/mod/github.com/gogf/gf/v2@v2.2.5/net/ghttp/ghttp_middleware_tracing.go:78
   17). github.com/gogf/gf/v2/net/ghttp.(*Server).ServeHTTP
        C:/Users/hongji/go/pkg/mod/github.com/gogf/gf/v2@v2.2.5/net/ghttp/ghttp_server_handler.go:132
2. interface conversion: interface {} is string, not int

2023-01-09 14:10:42.368 {40136112238f381797b4992f1b0b525d} 500 "GET http 10.86.8.58:8090 /comments?page=0&blogId=21&pageNum=1&pageSize=5 HTTP/1.1" 0.005, 10.86.8.58, "http://localhost:8080/", "Mozilla/5.0 (Windows NT 10.0; Win64; x64) AppleWebKit/537.36 (KHTML, like Gecko) Chrome/108.0.0.0 Safari/537.36", 50, "Internal Error", ""
Stack:
1. exception recovered
   1).  go_blog/internal/logic/comment.(*sComment).CommentList
        D:/goland_code/go_blog/internal/logic/comment/comment.go:80
   2).  go_blog/internal/controller.(*cComment).CommentList
        D:/goland_code/go_blog/internal/controller/comment.go:26
   3).  github.com/gogf/gf/v2/net/ghttp.(*middleware).callHandlerFunc.func1
        C:/Users/hongji/go/pkg/mod/github.com/gogf/gf/v2@v2.2.5/net/ghttp/ghttp_request_middleware.go:152
   4).  github.com/gogf/gf/v2/net/ghttp.niceCallFunc
        C:/Users/hongji/go/pkg/mod/github.com/gogf/gf/v2@v2.2.5/net/ghttp/ghttp_func.go:55
   5).  github.com/gogf/gf/v2/net/ghttp.(*middleware).callHandlerFunc
        C:/Users/hongji/go/pkg/mod/github.com/gogf/gf/v2@v2.2.5/net/ghttp/ghttp_request_middleware.go:129
   6).  github.com/gogf/gf/v2/net/ghttp.(*middleware).Next.func1.4
        C:/Users/hongji/go/pkg/mod/github.com/gogf/gf/v2@v2.2.5/net/ghttp/ghttp_request_middleware.go:90
   7).  github.com/gogf/gf/v2/net/ghttp.(*middleware).Next.func1
        C:/Users/hongji/go/pkg/mod/github.com/gogf/gf/v2@v2.2.5/net/ghttp/ghttp_request_middleware.go:89
   8).  github.com/gogf/gf/v2/util/gutil.TryCatch
        C:/Users/hongji/go/pkg/mod/github.com/gogf/gf/v2@v2.2.5/util/gutil/gutil.go:56
   9).  github.com/gogf/gf/v2/net/ghttp.(*middleware).Next
        C:/Users/hongji/go/pkg/mod/github.com/gogf/gf/v2@v2.2.5/net/ghttp/ghttp_request_middleware.go:49
   10). go_blog/internal/logic/middleware.(*sMiddleware).ResponseHandler
        D:/goland_code/go_blog/internal/logic/middleware/middleware.go:59
   11). github.com/gogf/gf/v2/net/ghttp.(*middleware).Next.func1.5
        C:/Users/hongji/go/pkg/mod/github.com/gogf/gf/v2@v2.2.5/net/ghttp/ghttp_request_middleware.go:96
   12). github.com/gogf/gf/v2/net/ghttp.(*middleware).Next.func1
        C:/Users/hongji/go/pkg/mod/github.com/gogf/gf/v2@v2.2.5/net/ghttp/ghttp_request_middleware.go:95
   13). go_blog/internal/logic/middleware.(*sMiddleware).I18NMiddleware
        D:/goland_code/go_blog/internal/logic/middleware/middleware.go:54
   14). go_blog/internal/logic/middleware.(*sMiddleware).Ctx
        D:/goland_code/go_blog/internal/logic/middleware/middleware.go:104
   15). go_blog/internal/logic/middleware.(*sMiddleware).MiddlewareCORS
        D:/goland_code/go_blog/internal/logic/middleware/middleware.go:94
   16). github.com/gogf/gf/v2/net/ghttp.internalMiddlewareServerTracing
        C:/Users/hongji/go/pkg/mod/github.com/gogf/gf/v2@v2.2.5/net/ghttp/ghttp_middleware_tracing.go:78
   17). github.com/gogf/gf/v2/net/ghttp.(*Server).ServeHTTP
        C:/Users/hongji/go/pkg/mod/github.com/gogf/gf/v2@v2.2.5/net/ghttp/ghttp_server_handler.go:132
2. interface conversion: interface {} is string, not int

2023-01-09 14:11:07.947 {d4fbee06298f381762c6846075020474} 500 "GET http 10.86.8.58:8090 /comments?page=0&blogId=21&pageNum=1&pageSize=5 HTTP/1.1" 0.006, 10.86.8.58, "http://localhost:8080/", "Mozilla/5.0 (Windows NT 10.0; Win64; x64) AppleWebKit/537.36 (KHTML, like Gecko) Chrome/108.0.0.0 Safari/537.36", 50, "Internal Error", ""
Stack:
1. exception recovered
   1).  go_blog/internal/logic/comment.(*sComment).CommentList
        D:/goland_code/go_blog/internal/logic/comment/comment.go:81
   2).  go_blog/internal/controller.(*cComment).CommentList
        D:/goland_code/go_blog/internal/controller/comment.go:26
   3).  github.com/gogf/gf/v2/net/ghttp.(*middleware).callHandlerFunc.func1
        C:/Users/hongji/go/pkg/mod/github.com/gogf/gf/v2@v2.2.5/net/ghttp/ghttp_request_middleware.go:152
   4).  github.com/gogf/gf/v2/net/ghttp.niceCallFunc
        C:/Users/hongji/go/pkg/mod/github.com/gogf/gf/v2@v2.2.5/net/ghttp/ghttp_func.go:55
   5).  github.com/gogf/gf/v2/net/ghttp.(*middleware).callHandlerFunc
        C:/Users/hongji/go/pkg/mod/github.com/gogf/gf/v2@v2.2.5/net/ghttp/ghttp_request_middleware.go:129
   6).  github.com/gogf/gf/v2/net/ghttp.(*middleware).Next.func1.4
        C:/Users/hongji/go/pkg/mod/github.com/gogf/gf/v2@v2.2.5/net/ghttp/ghttp_request_middleware.go:90
   7).  github.com/gogf/gf/v2/net/ghttp.(*middleware).Next.func1
        C:/Users/hongji/go/pkg/mod/github.com/gogf/gf/v2@v2.2.5/net/ghttp/ghttp_request_middleware.go:89
   8).  github.com/gogf/gf/v2/util/gutil.TryCatch
        C:/Users/hongji/go/pkg/mod/github.com/gogf/gf/v2@v2.2.5/util/gutil/gutil.go:56
   9).  github.com/gogf/gf/v2/net/ghttp.(*middleware).Next
        C:/Users/hongji/go/pkg/mod/github.com/gogf/gf/v2@v2.2.5/net/ghttp/ghttp_request_middleware.go:49
   10). go_blog/internal/logic/middleware.(*sMiddleware).ResponseHandler
        D:/goland_code/go_blog/internal/logic/middleware/middleware.go:59
   11). github.com/gogf/gf/v2/net/ghttp.(*middleware).Next.func1.5
        C:/Users/hongji/go/pkg/mod/github.com/gogf/gf/v2@v2.2.5/net/ghttp/ghttp_request_middleware.go:96
   12). github.com/gogf/gf/v2/net/ghttp.(*middleware).Next.func1
        C:/Users/hongji/go/pkg/mod/github.com/gogf/gf/v2@v2.2.5/net/ghttp/ghttp_request_middleware.go:95
   13). go_blog/internal/logic/middleware.(*sMiddleware).I18NMiddleware
        D:/goland_code/go_blog/internal/logic/middleware/middleware.go:54
   14). go_blog/internal/logic/middleware.(*sMiddleware).Ctx
        D:/goland_code/go_blog/internal/logic/middleware/middleware.go:104
   15). go_blog/internal/logic/middleware.(*sMiddleware).MiddlewareCORS
        D:/goland_code/go_blog/internal/logic/middleware/middleware.go:94
   16). github.com/gogf/gf/v2/net/ghttp.internalMiddlewareServerTracing
        C:/Users/hongji/go/pkg/mod/github.com/gogf/gf/v2@v2.2.5/net/ghttp/ghttp_middleware_tracing.go:78
   17). github.com/gogf/gf/v2/net/ghttp.(*Server).ServeHTTP
        C:/Users/hongji/go/pkg/mod/github.com/gogf/gf/v2@v2.2.5/net/ghttp/ghttp_server_handler.go:132
2. interface conversion: interface {} is string, not int

2023-01-09 14:11:53.817 {b443ebb4338f38176c7b7844201eb1c2} 500 "GET http 10.86.8.58:8090 /comments?page=0&blogId=21&pageNum=1&pageSize=5 HTTP/1.1" 0.008, 10.86.8.58, "http://localhost:8080/", "Mozilla/5.0 (Windows NT 10.0; Win64; x64) AppleWebKit/537.36 (KHTML, like Gecko) Chrome/108.0.0.0 Safari/537.36", 50, "Internal Error", ""
Stack:
1. exception recovered
   1).  go_blog/internal/logic/comment.(*sComment).CommentList
        D:/goland_code/go_blog/internal/logic/comment/comment.go:81
   2).  go_blog/internal/controller.(*cComment).CommentList
        D:/goland_code/go_blog/internal/controller/comment.go:26
   3).  github.com/gogf/gf/v2/net/ghttp.(*middleware).callHandlerFunc.func1
        C:/Users/hongji/go/pkg/mod/github.com/gogf/gf/v2@v2.2.5/net/ghttp/ghttp_request_middleware.go:152
   4).  github.com/gogf/gf/v2/net/ghttp.niceCallFunc
        C:/Users/hongji/go/pkg/mod/github.com/gogf/gf/v2@v2.2.5/net/ghttp/ghttp_func.go:55
   5).  github.com/gogf/gf/v2/net/ghttp.(*middleware).callHandlerFunc
        C:/Users/hongji/go/pkg/mod/github.com/gogf/gf/v2@v2.2.5/net/ghttp/ghttp_request_middleware.go:129
   6).  github.com/gogf/gf/v2/net/ghttp.(*middleware).Next.func1.4
        C:/Users/hongji/go/pkg/mod/github.com/gogf/gf/v2@v2.2.5/net/ghttp/ghttp_request_middleware.go:90
   7).  github.com/gogf/gf/v2/net/ghttp.(*middleware).Next.func1
        C:/Users/hongji/go/pkg/mod/github.com/gogf/gf/v2@v2.2.5/net/ghttp/ghttp_request_middleware.go:89
   8).  github.com/gogf/gf/v2/util/gutil.TryCatch
        C:/Users/hongji/go/pkg/mod/github.com/gogf/gf/v2@v2.2.5/util/gutil/gutil.go:56
   9).  github.com/gogf/gf/v2/net/ghttp.(*middleware).Next
        C:/Users/hongji/go/pkg/mod/github.com/gogf/gf/v2@v2.2.5/net/ghttp/ghttp_request_middleware.go:49
   10). go_blog/internal/logic/middleware.(*sMiddleware).ResponseHandler
        D:/goland_code/go_blog/internal/logic/middleware/middleware.go:59
   11). github.com/gogf/gf/v2/net/ghttp.(*middleware).Next.func1.5
        C:/Users/hongji/go/pkg/mod/github.com/gogf/gf/v2@v2.2.5/net/ghttp/ghttp_request_middleware.go:96
   12). github.com/gogf/gf/v2/net/ghttp.(*middleware).Next.func1
        C:/Users/hongji/go/pkg/mod/github.com/gogf/gf/v2@v2.2.5/net/ghttp/ghttp_request_middleware.go:95
   13). go_blog/internal/logic/middleware.(*sMiddleware).I18NMiddleware
        D:/goland_code/go_blog/internal/logic/middleware/middleware.go:54
   14). go_blog/internal/logic/middleware.(*sMiddleware).Ctx
        D:/goland_code/go_blog/internal/logic/middleware/middleware.go:104
   15). go_blog/internal/logic/middleware.(*sMiddleware).MiddlewareCORS
        D:/goland_code/go_blog/internal/logic/middleware/middleware.go:94
   16). github.com/gogf/gf/v2/net/ghttp.internalMiddlewareServerTracing
        C:/Users/hongji/go/pkg/mod/github.com/gogf/gf/v2@v2.2.5/net/ghttp/ghttp_middleware_tracing.go:78
   17). github.com/gogf/gf/v2/net/ghttp.(*Server).ServeHTTP
        C:/Users/hongji/go/pkg/mod/github.com/gogf/gf/v2@v2.2.5/net/ghttp/ghttp_server_handler.go:132
2. interface conversion: interface {} is string, not int

