2022-12-20 14:14:46.866 {68b770a4c06b32170403394d5106c9a5} 500 "GET http localhost:8090 /site HTTP/1.1" 0.022, ::1, "http://localhost:8080/", "Mozilla/5.0 (Windows NT 10.0; Win64; x64) AppleWebKit/537.36 (KHTML, like Gecko) Chrome/108.0.0.0 Safari/537.36", 50, "Internal Error", ""
Stack:
1. exception recovered
   1).  go_blog/internal/logic/sitesstings.sSiteSettings.Badges
        D:/goland_code/go_blog/internal/logic/sitesstings/sitesettings.go:94
   2).  go_blog/internal/logic/sitesstings.(*sSiteSettings).Site
        D:/goland_code/go_blog/internal/logic/sitesstings/sitesettings.go:85
   3).  go_blog/internal/controller.(*cSiteSttings).Site
        D:/goland_code/go_blog/internal/controller/sitesttings.go:41
   4).  github.com/gogf/gf/v2/net/ghttp.(*middleware).callHandlerFunc.func1
        C:/Users/hongji/go/pkg/mod/github.com/gogf/gf/v2@v2.2.5/net/ghttp/ghttp_request_middleware.go:152
   5).  github.com/gogf/gf/v2/net/ghttp.niceCallFunc
        C:/Users/hongji/go/pkg/mod/github.com/gogf/gf/v2@v2.2.5/net/ghttp/ghttp_func.go:55
   6).  github.com/gogf/gf/v2/net/ghttp.(*middleware).callHandlerFunc
        C:/Users/hongji/go/pkg/mod/github.com/gogf/gf/v2@v2.2.5/net/ghttp/ghttp_request_middleware.go:129
   7).  github.com/gogf/gf/v2/net/ghttp.(*middleware).Next.func1.4
        C:/Users/hongji/go/pkg/mod/github.com/gogf/gf/v2@v2.2.5/net/ghttp/ghttp_request_middleware.go:90
   8).  github.com/gogf/gf/v2/net/ghttp.(*middleware).Next.func1
        C:/Users/hongji/go/pkg/mod/github.com/gogf/gf/v2@v2.2.5/net/ghttp/ghttp_request_middleware.go:89
   9).  github.com/gogf/gf/v2/util/gutil.TryCatch
        C:/Users/hongji/go/pkg/mod/github.com/gogf/gf/v2@v2.2.5/util/gutil/gutil.go:56
   10). github.com/gogf/gf/v2/net/ghttp.(*middleware).Next
        C:/Users/hongji/go/pkg/mod/github.com/gogf/gf/v2@v2.2.5/net/ghttp/ghttp_request_middleware.go:49
   11). go_blog/internal/logic/middleware.(*sMiddleware).ResponseHandler
        D:/goland_code/go_blog/internal/logic/middleware/middleware.go:59
   12). github.com/gogf/gf/v2/net/ghttp.(*middleware).Next.func1.5
        C:/Users/hongji/go/pkg/mod/github.com/gogf/gf/v2@v2.2.5/net/ghttp/ghttp_request_middleware.go:96
   13). github.com/gogf/gf/v2/net/ghttp.(*middleware).Next.func1
        C:/Users/hongji/go/pkg/mod/github.com/gogf/gf/v2@v2.2.5/net/ghttp/ghttp_request_middleware.go:95
   14). go_blog/internal/logic/middleware.(*sMiddleware).I18NMiddleware
        D:/goland_code/go_blog/internal/logic/middleware/middleware.go:54
   15). go_blog/internal/logic/middleware.(*sMiddleware).Ctx
        D:/goland_code/go_blog/internal/logic/middleware/middleware.go:104
   16). go_blog/internal/logic/middleware.(*sMiddleware).MiddlewareCORS
        D:/goland_code/go_blog/internal/logic/middleware/middleware.go:94
   17). github.com/gogf/gf/v2/net/ghttp.internalMiddlewareServerTracing
        C:/Users/hongji/go/pkg/mod/github.com/gogf/gf/v2@v2.2.5/net/ghttp/ghttp_middleware_tracing.go:78
   18). github.com/gogf/gf/v2/net/ghttp.(*Server).ServeHTTP
        C:/Users/hongji/go/pkg/mod/github.com/gogf/gf/v2@v2.2.5/net/ghttp/ghttp_server_handler.go:132
2. interface conversion: interface {} is string, not map[string]string

2022-12-20 14:23:39.859 {ace630bd3c6c32170da73e39649743b7} 500 "GET http localhost:8090 /site HTTP/1.1" 0.024, ::1, "http://localhost:8080/", "Mozilla/5.0 (Windows NT 10.0; Win64; x64) AppleWebKit/537.36 (KHTML, like Gecko) Chrome/108.0.0.0 Safari/537.36", 50, "Internal Error", ""
Stack:
1. exception recovered
   1).  go_blog/internal/logic/sitesstings.sSiteSettings.Badges
        D:/goland_code/go_blog/internal/logic/sitesstings/sitesettings.go:94
   2).  go_blog/internal/logic/sitesstings.(*sSiteSettings).Site
        D:/goland_code/go_blog/internal/logic/sitesstings/sitesettings.go:85
   3).  go_blog/internal/controller.(*cSiteSttings).Site
        D:/goland_code/go_blog/internal/controller/sitesttings.go:41
   4).  github.com/gogf/gf/v2/net/ghttp.(*middleware).callHandlerFunc.func1
        C:/Users/hongji/go/pkg/mod/github.com/gogf/gf/v2@v2.2.5/net/ghttp/ghttp_request_middleware.go:152
   5).  github.com/gogf/gf/v2/net/ghttp.niceCallFunc
        C:/Users/hongji/go/pkg/mod/github.com/gogf/gf/v2@v2.2.5/net/ghttp/ghttp_func.go:55
   6).  github.com/gogf/gf/v2/net/ghttp.(*middleware).callHandlerFunc
        C:/Users/hongji/go/pkg/mod/github.com/gogf/gf/v2@v2.2.5/net/ghttp/ghttp_request_middleware.go:129
   7).  github.com/gogf/gf/v2/net/ghttp.(*middleware).Next.func1.4
        C:/Users/hongji/go/pkg/mod/github.com/gogf/gf/v2@v2.2.5/net/ghttp/ghttp_request_middleware.go:90
   8).  github.com/gogf/gf/v2/net/ghttp.(*middleware).Next.func1
        C:/Users/hongji/go/pkg/mod/github.com/gogf/gf/v2@v2.2.5/net/ghttp/ghttp_request_middleware.go:89
   9).  github.com/gogf/gf/v2/util/gutil.TryCatch
        C:/Users/hongji/go/pkg/mod/github.com/gogf/gf/v2@v2.2.5/util/gutil/gutil.go:56
   10). github.com/gogf/gf/v2/net/ghttp.(*middleware).Next
        C:/Users/hongji/go/pkg/mod/github.com/gogf/gf/v2@v2.2.5/net/ghttp/ghttp_request_middleware.go:49
   11). go_blog/internal/logic/middleware.(*sMiddleware).ResponseHandler
        D:/goland_code/go_blog/internal/logic/middleware/middleware.go:59
   12). github.com/gogf/gf/v2/net/ghttp.(*middleware).Next.func1.5
        C:/Users/hongji/go/pkg/mod/github.com/gogf/gf/v2@v2.2.5/net/ghttp/ghttp_request_middleware.go:96
   13). github.com/gogf/gf/v2/net/ghttp.(*middleware).Next.func1
        C:/Users/hongji/go/pkg/mod/github.com/gogf/gf/v2@v2.2.5/net/ghttp/ghttp_request_middleware.go:95
   14). go_blog/internal/logic/middleware.(*sMiddleware).I18NMiddleware
        D:/goland_code/go_blog/internal/logic/middleware/middleware.go:54
   15). go_blog/internal/logic/middleware.(*sMiddleware).Ctx
        D:/goland_code/go_blog/internal/logic/middleware/middleware.go:104
   16). go_blog/internal/logic/middleware.(*sMiddleware).MiddlewareCORS
        D:/goland_code/go_blog/internal/logic/middleware/middleware.go:94
   17). github.com/gogf/gf/v2/net/ghttp.internalMiddlewareServerTracing
        C:/Users/hongji/go/pkg/mod/github.com/gogf/gf/v2@v2.2.5/net/ghttp/ghttp_middleware_tracing.go:78
   18). github.com/gogf/gf/v2/net/ghttp.(*Server).ServeHTTP
        C:/Users/hongji/go/pkg/mod/github.com/gogf/gf/v2@v2.2.5/net/ghttp/ghttp_server_handler.go:132
2. interface conversion: interface {} is string, not map[string]string

2022-12-20 16:09:22.803 {ac97c485017232179e2f59794d091fe0} 200 "GET http localhost:8090 /site HTTP/1.1" 0.231, ::1, "http://localhost:8080/", "Mozilla/5.0 (Windows NT 10.0; Win64; x64) AppleWebKit/537.36 (KHTML, like Gecko) Chrome/108.0.0.0 Safari/537.36", 53, "Invalid Parameter", ""
Stack:
1. the parameter "pointer" for function Scan should type of pointer
   1).  github.com/gogf/gf/v2/database/gdb.(*Model).Scan
        C:/Users/hongji/go/pkg/mod/github.com/gogf/gf/v2@v2.2.5/database/gdb/gdb_model_select.go:207
   2).  go_blog/internal/logic/sitesstings.(*sSiteSettings).NewBlogList
        D:/goland_code/go_blog/internal/logic/sitesstings/sitesettings.go:173
   3).  go_blog/internal/logic/sitesstings.(*sSiteSettings).Site
        D:/goland_code/go_blog/internal/logic/sitesstings/sitesettings.go:110
   4).  go_blog/internal/controller.(*cSiteSttings).Site
        D:/goland_code/go_blog/internal/controller/sitesttings.go:41
   5).  github.com/gogf/gf/v2/net/ghttp.(*middleware).callHandlerFunc.func1
        C:/Users/hongji/go/pkg/mod/github.com/gogf/gf/v2@v2.2.5/net/ghttp/ghttp_request_middleware.go:152
   6).  github.com/gogf/gf/v2/net/ghttp.niceCallFunc
        C:/Users/hongji/go/pkg/mod/github.com/gogf/gf/v2@v2.2.5/net/ghttp/ghttp_func.go:55
   7).  github.com/gogf/gf/v2/net/ghttp.(*middleware).callHandlerFunc
        C:/Users/hongji/go/pkg/mod/github.com/gogf/gf/v2@v2.2.5/net/ghttp/ghttp_request_middleware.go:129
   8).  github.com/gogf/gf/v2/net/ghttp.(*middleware).Next.func1.4
        C:/Users/hongji/go/pkg/mod/github.com/gogf/gf/v2@v2.2.5/net/ghttp/ghttp_request_middleware.go:90
   9).  github.com/gogf/gf/v2/net/ghttp.(*middleware).Next.func1
        C:/Users/hongji/go/pkg/mod/github.com/gogf/gf/v2@v2.2.5/net/ghttp/ghttp_request_middleware.go:89
   10). github.com/gogf/gf/v2/util/gutil.TryCatch
        C:/Users/hongji/go/pkg/mod/github.com/gogf/gf/v2@v2.2.5/util/gutil/gutil.go:56
   11). github.com/gogf/gf/v2/net/ghttp.(*middleware).Next
        C:/Users/hongji/go/pkg/mod/github.com/gogf/gf/v2@v2.2.5/net/ghttp/ghttp_request_middleware.go:49
   12). go_blog/internal/logic/middleware.(*sMiddleware).ResponseHandler
        D:/goland_code/go_blog/internal/logic/middleware/middleware.go:59
   13). github.com/gogf/gf/v2/net/ghttp.(*middleware).Next.func1.5
        C:/Users/hongji/go/pkg/mod/github.com/gogf/gf/v2@v2.2.5/net/ghttp/ghttp_request_middleware.go:96
   14). github.com/gogf/gf/v2/net/ghttp.(*middleware).Next.func1
        C:/Users/hongji/go/pkg/mod/github.com/gogf/gf/v2@v2.2.5/net/ghttp/ghttp_request_middleware.go:95
   15). go_blog/internal/logic/middleware.(*sMiddleware).I18NMiddleware
        D:/goland_code/go_blog/internal/logic/middleware/middleware.go:54
   16). go_blog/internal/logic/middleware.(*sMiddleware).Ctx
        D:/goland_code/go_blog/internal/logic/middleware/middleware.go:104
   17). go_blog/internal/logic/middleware.(*sMiddleware).MiddlewareCORS
        D:/goland_code/go_blog/internal/logic/middleware/middleware.go:94
   18). github.com/gogf/gf/v2/net/ghttp.internalMiddlewareServerTracing
        C:/Users/hongji/go/pkg/mod/github.com/gogf/gf/v2@v2.2.5/net/ghttp/ghttp_middleware_tracing.go:78
   19). github.com/gogf/gf/v2/net/ghttp.(*Server).ServeHTTP
        C:/Users/hongji/go/pkg/mod/github.com/gogf/gf/v2@v2.2.5/net/ghttp/ghttp_server_handler.go:132

2022-12-20 17:31:28.350 {acc15e607c7632177100af1cf36db81a} 500 "GET http localhost:8090 /blogs HTTP/1.1" 0.078, ::1, "http://localhost:8080/", "Mozilla/5.0 (Windows NT 10.0; Win64; x64) AppleWebKit/537.36 (KHTML, like Gecko) Chrome/108.0.0.0 Safari/537.36", 50, "Internal Error", ""
Stack:
1. exception recovered
   1).  go_blog/internal/controller.(*cBlog).NbBlogs
        D:/goland_code/go_blog/internal/controller/blog.go:134
   2).  github.com/gogf/gf/v2/net/ghttp.(*middleware).callHandlerFunc.func1
        C:/Users/hongji/go/pkg/mod/github.com/gogf/gf/v2@v2.2.5/net/ghttp/ghttp_request_middleware.go:152
   3).  github.com/gogf/gf/v2/net/ghttp.niceCallFunc
        C:/Users/hongji/go/pkg/mod/github.com/gogf/gf/v2@v2.2.5/net/ghttp/ghttp_func.go:55
   4).  github.com/gogf/gf/v2/net/ghttp.(*middleware).callHandlerFunc
        C:/Users/hongji/go/pkg/mod/github.com/gogf/gf/v2@v2.2.5/net/ghttp/ghttp_request_middleware.go:129
   5).  github.com/gogf/gf/v2/net/ghttp.(*middleware).Next.func1.4
        C:/Users/hongji/go/pkg/mod/github.com/gogf/gf/v2@v2.2.5/net/ghttp/ghttp_request_middleware.go:90
   6).  github.com/gogf/gf/v2/net/ghttp.(*middleware).Next.func1
        C:/Users/hongji/go/pkg/mod/github.com/gogf/gf/v2@v2.2.5/net/ghttp/ghttp_request_middleware.go:89
   7).  github.com/gogf/gf/v2/util/gutil.TryCatch
        C:/Users/hongji/go/pkg/mod/github.com/gogf/gf/v2@v2.2.5/util/gutil/gutil.go:56
   8).  github.com/gogf/gf/v2/net/ghttp.(*middleware).Next
        C:/Users/hongji/go/pkg/mod/github.com/gogf/gf/v2@v2.2.5/net/ghttp/ghttp_request_middleware.go:49
   9).  go_blog/internal/logic/middleware.(*sMiddleware).ResponseHandler
        D:/goland_code/go_blog/internal/logic/middleware/middleware.go:59
   10). github.com/gogf/gf/v2/net/ghttp.(*middleware).Next.func1.5
        C:/Users/hongji/go/pkg/mod/github.com/gogf/gf/v2@v2.2.5/net/ghttp/ghttp_request_middleware.go:96
   11). github.com/gogf/gf/v2/net/ghttp.(*middleware).Next.func1
        C:/Users/hongji/go/pkg/mod/github.com/gogf/gf/v2@v2.2.5/net/ghttp/ghttp_request_middleware.go:95
   12). go_blog/internal/logic/middleware.(*sMiddleware).I18NMiddleware
        D:/goland_code/go_blog/internal/logic/middleware/middleware.go:54
   13). go_blog/internal/logic/middleware.(*sMiddleware).Ctx
        D:/goland_code/go_blog/internal/logic/middleware/middleware.go:104
   14). go_blog/internal/logic/middleware.(*sMiddleware).MiddlewareCORS
        D:/goland_code/go_blog/internal/logic/middleware/middleware.go:94
   15). github.com/gogf/gf/v2/net/ghttp.internalMiddlewareServerTracing
        C:/Users/hongji/go/pkg/mod/github.com/gogf/gf/v2@v2.2.5/net/ghttp/ghttp_middleware_tracing.go:78
   16). github.com/gogf/gf/v2/net/ghttp.(*Server).ServeHTTP
        C:/Users/hongji/go/pkg/mod/github.com/gogf/gf/v2@v2.2.5/net/ghttp/ghttp_server_handler.go:132
2. runtime error: invalid memory address or nil pointer dereference

