2022-12-14 13:13:02.909 {9444d9d4e690301728fdda5c46a2734d} 500 "GET http localhost:8090 /admin/blogs?title=&pageNum=1&pageSize=10 HTTP/1.1" 0.067, ::1, "http://localhost:8079/", "Mozilla/5.0 (Windows NT 10.0; Win64; x64) AppleWebKit/537.36 (KHTML, like Gecko) Chrome/108.0.0.0 Safari/537.36", 50, "Internal Error", ""
Stack:
1. exception recovered
   1).  go_blog/internal/controller.cBlog.ShowBlogs
        D:/goland_code/go_blog/internal/controller/blog.go:66
   2).  github.com/gogf/gf/v2/net/ghttp.(*middleware).callHandlerFunc.func1
        C:/Users/hongji/go/pkg/mod/github.com/gogf/gf/v2@v2.2.5/net/ghttp/ghttp_request_middleware.go:152
   3).  github.com/gogf/gf/v2/net/ghttp.niceCallFunc
        C:/Users/hongji/go/pkg/mod/github.com/gogf/gf/v2@v2.2.5/net/ghttp/ghttp_func.go:55
   4).  github.com/gogf/gf/v2/net/ghttp.(*middleware).callHandlerFunc
        C:/Users/hongji/go/pkg/mod/github.com/gogf/gf/v2@v2.2.5/net/ghttp/ghttp_request_middleware.go:129
   5).  github.com/gogf/gf/v2/net/ghttp.(*middleware).Next.func1.4
        C:/Users/hongji/go/pkg/mod/github.com/gogf/gf/v2@v2.2.5/net/ghttp/ghttp_request_middleware.go:90
   6).  github.com/gogf/gf/v2/net/ghttp.(*middleware).Next.func1
        C:/Users/hongji/go/pkg/mod/github.com/gogf/gf/v2@v2.2.5/net/ghttp/ghttp_request_middleware.go:89
   7).  github.com/gogf/gf/v2/util/gutil.TryCatch
        C:/Users/hongji/go/pkg/mod/github.com/gogf/gf/v2@v2.2.5/util/gutil/gutil.go:56
   8).  github.com/gogf/gf/v2/net/ghttp.(*middleware).Next
        C:/Users/hongji/go/pkg/mod/github.com/gogf/gf/v2@v2.2.5/net/ghttp/ghttp_request_middleware.go:49
   9).  go_blog/internal/logic/middleware.(*sMiddleware).TokenAuth
        D:/goland_code/go_blog/internal/logic/middleware/middleware.go:124
   10). github.com/gogf/gf/v2/net/ghttp.(*middleware).Next.func1.1
        C:/Users/hongji/go/pkg/mod/github.com/gogf/gf/v2@v2.2.5/net/ghttp/ghttp_request_middleware.go:55
   11). github.com/gogf/gf/v2/net/ghttp.(*middleware).Next.func1
        C:/Users/hongji/go/pkg/mod/github.com/gogf/gf/v2@v2.2.5/net/ghttp/ghttp_request_middleware.go:54
   12). go_blog/internal/logic/middleware.(*sMiddleware).ResponseHandler
        D:/goland_code/go_blog/internal/logic/middleware/middleware.go:59
   13). github.com/gogf/gf/v2/net/ghttp.(*middleware).Next.func1.5
        C:/Users/hongji/go/pkg/mod/github.com/gogf/gf/v2@v2.2.5/net/ghttp/ghttp_request_middleware.go:96
   14). github.com/gogf/gf/v2/net/ghttp.(*middleware).Next.func1
        C:/Users/hongji/go/pkg/mod/github.com/gogf/gf/v2@v2.2.5/net/ghttp/ghttp_request_middleware.go:95
   15). go_blog/internal/logic/middleware.(*sMiddleware).I18NMiddleware
        D:/goland_code/go_blog/internal/logic/middleware/middleware.go:54
   16). go_blog/internal/logic/middleware.(*sMiddleware).Ctx
        D:/goland_code/go_blog/internal/logic/middleware/middleware.go:104
   17). go_blog/internal/logic/middleware.(*sMiddleware).MiddlewareCORS
        D:/goland_code/go_blog/internal/logic/middleware/middleware.go:94
   18). github.com/gogf/gf/v2/net/ghttp.internalMiddlewareServerTracing
        C:/Users/hongji/go/pkg/mod/github.com/gogf/gf/v2@v2.2.5/net/ghttp/ghttp_middleware_tracing.go:78
   19). github.com/gogf/gf/v2/net/ghttp.(*Server).ServeHTTP
        C:/Users/hongji/go/pkg/mod/github.com/gogf/gf/v2@v2.2.5/net/ghttp/ghttp_server_handler.go:132
2. runtime error: index out of range [3] with length 3

